<?xml version="1.0" encoding="UTF-8"?>
<!-- Generated by org.testng.reporters.JUnitReportReporter -->
<testsuite hostname="DESKTOP-Q3L4727" failures="0" tests="2" name="bidfood.Bidfoodtestcase" time="46.435" errors="0" timestamp="2023-04-23T22:45:20 GMT-07:00" skipped="0">
  <testcase classname="bidfood.Bidfoodtestcase" name="login" time="9.842"/>
  <system-out/>
  <testcase classname="bidfood.Bidfoodtestcase" name="testAddToBasket" time="36.593"/>
  <system-out/>
</testsuite> <!-- bidfood.Bidfoodtestcase -->
