<?xml version="1.0" encoding="UTF-8"?>
<!-- Generated by org.testng.reporters.JUnitReportReporter -->
<testsuite hostname="DESKTOP-Q3L4727" failures="0" tests="1" name="Tests.GoogleTest" time="3.665" errors="0" timestamp="2023-05-11T06:53:23 GMT-07:00" skipped="0">
  <testcase classname="Tests.GoogleTest" name="searchTest" time="3.665"/>
  <system-out/>
</testsuite> <!-- Tests.GoogleTest -->
