<?xml version="1.0" encoding="UTF-8"?>
<!-- Generated by org.testng.reporters.JUnitReportReporter -->
<testsuite hostname="DESKTOP-Q3L4727" failures="0" tests="2" name="bidfood.BidFoodTest" time="47.828" errors="0" timestamp="2023-04-27T03:10:16 GMT-07:00" skipped="0">
  <testcase classname="bidfood.BidFoodTest" name="testAddToBasket" time="36.710"/>
  <system-out/>
  <testcase classname="bidfood.BidFoodTest" name="login" time="11.118"/>
  <system-out/>
</testsuite> <!-- bidfood.BidFoodTest -->
